{"$message_type":"diagnostic","message":"unresolved import `anyhow`","code":{"code":"E0432","explanation":"An import was unresolved.\n\nErroneous code example:\n\n```compile_fail,E0432\nuse something::Foo; // error: unresolved import `something::Foo`.\n```\n\nIn Rust 2015, paths in `use` statements are relative to the crate root. To\nimport items relative to the current and parent modules, use the `self::` and\n`super::` prefixes, respectively.\n\nIn Rust 2018 or later, paths in `use` statements are relative to the current\nmodule unless they begin with the name of a crate or a literal `crate::`, in\nwhich case they start from the crate root. As in Rust 2015 code, the `self::`\nand `super::` prefixes refer to the current and parent modules respectively.\n\nAlso verify that you didn't misspell the import name and that the import exists\nin the module from where you tried to import it. Example:\n\n```\nuse self::something::Foo; // Ok.\n\nmod something {\n    pub struct Foo;\n}\n# fn main() {}\n```\n\nIf you tried to use a module from an external crate and are using Rust 2015,\nyou may have missed the `extern crate` declaration (which is usually placed in\nthe crate root):\n\n```edition2015\nextern crate core; // Required to use the `core` crate in Rust 2015.\n\nuse core::any;\n# fn main() {}\n```\n\nSince Rust 2018 the `extern crate` declaration is not required and\nyou can instead just `use` it:\n\n```edition2018\nuse core::any; // No extern crate required in Rust 2018.\n# fn main() {}\n```\n"},"level":"error","spans":[{"file_name":"src/main.rs","byte_start":4,"byte_end":10,"line_start":1,"line_end":1,"column_start":5,"column_end":11,"is_primary":true,"text":[{"text":"use anyhow::{anyhow, Context, Result};","highlight_start":5,"highlight_end":11}],"label":"use of unresolved module or unlinked crate `anyhow`","suggested_replacement":null,"suggestion_applicability":null,"expansion":null}],"children":[{"message":"if you wanted to use a crate named `anyhow`, use `cargo add anyhow` to add it to your `Cargo.toml`","code":null,"level":"help","spans":[],"children":[],"rendered":null}],"rendered":"\u001b[1m\u001b[91merror[E0432]\u001b[0m\u001b[1m: unresolved import `anyhow`\u001b[0m\n \u001b[1m\u001b[94m--> \u001b[0msrc/main.rs:1:5\n  \u001b[1m\u001b[94m|\u001b[0m\n\u001b[1m\u001b[94m1\u001b[0m \u001b[1m\u001b[94m|\u001b[0m use anyhow::{anyhow, Context, Result};\n  \u001b[1m\u001b[94m|\u001b[0m     \u001b[1m\u001b[91m^^^^^^\u001b[0m \u001b[1m\u001b[91muse of unresolved module or unlinked crate `anyhow`\u001b[0m\n  \u001b[1m\u001b[94m|\u001b[0m\n  \u001b[1m\u001b[94m= \u001b[0m\u001b[1mhelp\u001b[0m: if you wanted to use a crate named `anyhow`, use `cargo add anyhow` to add it to your `Cargo.toml`\n\n"}
{"$message_type":"diagnostic","message":"unresolved import `clap`","code":{"code":"E0432","explanation":"An import was unresolved.\n\nErroneous code example:\n\n```compile_fail,E0432\nuse something::Foo; // error: unresolved import `something::Foo`.\n```\n\nIn Rust 2015, paths in `use` statements are relative to the crate root. To\nimport items relative to the current and parent modules, use the `self::` and\n`super::` prefixes, respectively.\n\nIn Rust 2018 or later, paths in `use` statements are relative to the current\nmodule unless they begin with the name of a crate or a literal `crate::`, in\nwhich case they start from the crate root. As in Rust 2015 code, the `self::`\nand `super::` prefixes refer to the current and parent modules respectively.\n\nAlso verify that you didn't misspell the import name and that the import exists\nin the module from where you tried to import it. Example:\n\n```\nuse self::something::Foo; // Ok.\n\nmod something {\n    pub struct Foo;\n}\n# fn main() {}\n```\n\nIf you tried to use a module from an external crate and are using Rust 2015,\nyou may have missed the `extern crate` declaration (which is usually placed in\nthe crate root):\n\n```edition2015\nextern crate core; // Required to use the `core` crate in Rust 2015.\n\nuse core::any;\n# fn main() {}\n```\n\nSince Rust 2018 the `extern crate` declaration is not required and\nyou can instead just `use` it:\n\n```edition2018\nuse core::any; // No extern crate required in Rust 2018.\n# fn main() {}\n```\n"},"level":"error","spans":[{"file_name":"src/main.rs","byte_start":43,"byte_end":47,"line_start":2,"line_end":2,"column_start":5,"column_end":9,"is_primary":true,"text":[{"text":"use clap::Parser;","highlight_start":5,"highlight_end":9}],"label":"use of unresolved module or unlinked crate `clap`","suggested_replacement":null,"suggestion_applicability":null,"expansion":null}],"children":[{"message":"if you wanted to use a crate named `clap`, use `cargo add clap` to add it to your `Cargo.toml`","code":null,"level":"help","spans":[],"children":[],"rendered":null}],"rendered":"\u001b[1m\u001b[91merror[E0432]\u001b[0m\u001b[1m: unresolved import `clap`\u001b[0m\n \u001b[1m\u001b[94m--> \u001b[0msrc/main.rs:2:5\n  \u001b[1m\u001b[94m|\u001b[0m\n\u001b[1m\u001b[94m2\u001b[0m \u001b[1m\u001b[94m|\u001b[0m use clap::Parser;\n  \u001b[1m\u001b[94m|\u001b[0m     \u001b[1m\u001b[91m^^^^\u001b[0m \u001b[1m\u001b[91muse of unresolved module or unlinked crate `clap`\u001b[0m\n  \u001b[1m\u001b[94m|\u001b[0m\n  \u001b[1m\u001b[94m= \u001b[0m\u001b[1mhelp\u001b[0m: if you wanted to use a crate named `clap`, use `cargo add clap` to add it to your `Cargo.toml`\n\n"}
{"$message_type":"diagnostic","message":"cannot find attribute `command` in this scope","code":null,"level":"error","spans":[{"file_name":"src/main.rs","byte_start":194,"byte_end":201,"line_start":8,"line_end":8,"column_start":3,"column_end":10,"is_primary":true,"text":[{"text":"#[command(name = \"vigil\", version, about = \"Persistent remote tmux sessions over SSH\", trailing_var_arg = true)]","highlight_start":3,"highlight_end":10}],"label":null,"suggested_replacement":null,"suggestion_applicability":null,"expansion":null}],"children":[],"rendered":"\u001b[1m\u001b[91merror\u001b[0m\u001b[1m: cannot find attribute `command` in this scope\u001b[0m\n \u001b[1m\u001b[94m--> \u001b[0msrc/main.rs:8:3\n  \u001b[1m\u001b[94m|\u001b[0m\n\u001b[1m\u001b[94m8\u001b[0m \u001b[1m\u001b[94m|\u001b[0m #[command(name = \"vigil\", version, about = \"Persistent remote tmux sessions over SSH\", trailing_var_arg = true)]\n  \u001b[1m\u001b[94m|\u001b[0m   \u001b[1m\u001b[91m^^^^^^^\u001b[0m\n\n"}
{"$message_type":"diagnostic","message":"cannot find attribute `arg` in this scope","code":null,"level":"error","spans":[{"file_name":"src/main.rs","byte_start":390,"byte_end":393,"line_start":11,"line_end":11,"column_start":7,"column_end":10,"is_primary":true,"text":[{"text":"    #[arg(long = \"session\", default_value = \"default\")]","highlight_start":7,"highlight_end":10}],"label":null,"suggested_replacement":null,"suggestion_applicability":null,"expansion":null}],"children":[],"rendered":"\u001b[1m\u001b[91merror\u001b[0m\u001b[1m: cannot find attribute `arg` in this scope\u001b[0m\n  \u001b[1m\u001b[94m--> \u001b[0msrc/main.rs:11:7\n   \u001b[1m\u001b[94m|\u001b[0m\n\u001b[1m\u001b[94m11\u001b[0m \u001b[1m\u001b[94m|\u001b[0m     #[arg(long = \"session\", default_value = \"default\")]\n   \u001b[1m\u001b[94m|\u001b[0m       \u001b[1m\u001b[91m^^^\u001b[0m\n\n"}
{"$message_type":"diagnostic","message":"cannot find attribute `arg` in this scope","code":null,"level":"error","spans":[{"file_name":"src/main.rs","byte_start":507,"byte_end":510,"line_start":15,"line_end":15,"column_start":7,"column_end":10,"is_primary":true,"text":[{"text":"    #[arg(long = \"tmux\", default_value = \"tmux\")]","highlight_start":7,"highlight_end":10}],"label":null,"suggested_replacement":null,"suggestion_applicability":null,"expansion":null}],"children":[],"rendered":"\u001b[1m\u001b[91merror\u001b[0m\u001b[1m: cannot find attribute `arg` in this scope\u001b[0m\n  \u001b[1m\u001b[94m--> \u001b[0msrc/main.rs:15:7\n   \u001b[1m\u001b[94m|\u001b[0m\n\u001b[1m\u001b[94m15\u001b[0m \u001b[1m\u001b[94m|\u001b[0m     #[arg(long = \"tmux\", default_value = \"tmux\")]\n   \u001b[1m\u001b[94m|\u001b[0m       \u001b[1m\u001b[91m^^^\u001b[0m\n\n"}
{"$message_type":"diagnostic","message":"cannot find attribute `arg` in this scope","code":null,"level":"error","spans":[{"file_name":"src/main.rs","byte_start":631,"byte_end":634,"line_start":19,"line_end":19,"column_start":7,"column_end":10,"is_primary":true,"text":[{"text":"    #[arg(long = \"tmuxargs\", default_value = \"\")]","highlight_start":7,"highlight_end":10}],"label":null,"suggested_replacement":null,"suggestion_applicability":null,"expansion":null}],"children":[],"rendered":"\u001b[1m\u001b[91merror\u001b[0m\u001b[1m: cannot find attribute `arg` in this scope\u001b[0m\n  \u001b[1m\u001b[94m--> \u001b[0msrc/main.rs:19:7\n   \u001b[1m\u001b[94m|\u001b[0m\n\u001b[1m\u001b[94m19\u001b[0m \u001b[1m\u001b[94m|\u001b[0m     #[arg(long = \"tmuxargs\", default_value = \"\")]\n   \u001b[1m\u001b[94m|\u001b[0m       \u001b[1m\u001b[91m^^^\u001b[0m\n\n"}
{"$message_type":"diagnostic","message":"cannot find attribute `arg` in this scope","code":null,"level":"error","spans":[{"file_name":"src/main.rs","byte_start":771,"byte_end":774,"line_start":23,"line_end":23,"column_start":7,"column_end":10,"is_primary":true,"text":[{"text":"    #[arg(long = \"attach\", alias = \"select\", value_name = \"NAME\", num_args = 0..=1)]","highlight_start":7,"highlight_end":10}],"label":null,"suggested_replacement":null,"suggestion_applicability":null,"expansion":null}],"children":[],"rendered":"\u001b[1m\u001b[91merror\u001b[0m\u001b[1m: cannot find attribute `arg` in this scope\u001b[0m\n  \u001b[1m\u001b[94m--> \u001b[0msrc/main.rs:23:7\n   \u001b[1m\u001b[94m|\u001b[0m\n\u001b[1m\u001b[94m23\u001b[0m \u001b[1m\u001b[94m|\u001b[0m     #[arg(long = \"attach\", alias = \"select\", value_name = \"NAME\", num_args = 0..=1)]\n   \u001b[1m\u001b[94m|\u001b[0m       \u001b[1m\u001b[91m^^^\u001b[0m\n\n"}
{"$message_type":"diagnostic","message":"cannot find attribute `arg` in this scope","code":null,"level":"error","spans":[{"file_name":"src/main.rs","byte_start":937,"byte_end":940,"line_start":27,"line_end":27,"column_start":7,"column_end":10,"is_primary":true,"text":[{"text":"    #[arg(long = \"kill\", value_name = \"NAME\", num_args = 0..=1)]","highlight_start":7,"highlight_end":10}],"label":null,"suggested_replacement":null,"suggestion_applicability":null,"expansion":null}],"children":[],"rendered":"\u001b[1m\u001b[91merror\u001b[0m\u001b[1m: cannot find attribute `arg` in this scope\u001b[0m\n  \u001b[1m\u001b[94m--> \u001b[0msrc/main.rs:27:7\n   \u001b[1m\u001b[94m|\u001b[0m\n\u001b[1m\u001b[94m27\u001b[0m \u001b[1m\u001b[94m|\u001b[0m     #[arg(long = \"kill\", value_name = \"NAME\", num_args = 0..=1)]\n   \u001b[1m\u001b[94m|\u001b[0m       \u001b[1m\u001b[91m^^^\u001b[0m\n\n"}
{"$message_type":"diagnostic","message":"cannot find attribute `arg` in this scope","code":null,"level":"error","spans":[{"file_name":"src/main.rs","byte_start":1087,"byte_end":1090,"line_start":31,"line_end":31,"column_start":7,"column_end":10,"is_primary":true,"text":[{"text":"    #[arg(long = \"list\")]","highlight_start":7,"highlight_end":10}],"label":null,"suggested_replacement":null,"suggestion_applicability":null,"expansion":null}],"children":[],"rendered":"\u001b[1m\u001b[91merror\u001b[0m\u001b[1m: cannot find attribute `arg` in this scope\u001b[0m\n  \u001b[1m\u001b[94m--> \u001b[0msrc/main.rs:31:7\n   \u001b[1m\u001b[94m|\u001b[0m\n\u001b[1m\u001b[94m31\u001b[0m \u001b[1m\u001b[94m|\u001b[0m     #[arg(long = \"list\")]\n   \u001b[1m\u001b[94m|\u001b[0m       \u001b[1m\u001b[91m^^^\u001b[0m\n\n"}
{"$message_type":"diagnostic","message":"cannot find attribute `arg` in this scope","code":null,"level":"error","spans":[{"file_name":"src/main.rs","byte_start":1185,"byte_end":1188,"line_start":35,"line_end":35,"column_start":7,"column_end":10,"is_primary":true,"text":[{"text":"    #[arg(value_name = \"SSH_ARGS\", num_args = 0.., allow_hyphen_values = true)]","highlight_start":7,"highlight_end":10}],"label":null,"suggested_replacement":null,"suggestion_applicability":null,"expansion":null}],"children":[],"rendered":"\u001b[1m\u001b[91merror\u001b[0m\u001b[1m: cannot find attribute `arg` in this scope\u001b[0m\n  \u001b[1m\u001b[94m--> \u001b[0msrc/main.rs:35:7\n   \u001b[1m\u001b[94m|\u001b[0m\n\u001b[1m\u001b[94m35\u001b[0m \u001b[1m\u001b[94m|\u001b[0m     #[arg(value_name = \"SSH_ARGS\", num_args = 0.., allow_hyphen_values = true)]\n   \u001b[1m\u001b[94m|\u001b[0m       \u001b[1m\u001b[91m^^^\u001b[0m\n\n"}
{"$message_type":"diagnostic","message":"type annotations needed","code":{"code":"E0282","explanation":"The compiler could not infer a type and asked for a type annotation.\n\nErroneous code example:\n\n```compile_fail,E0282\nlet x = Vec::new();\n```\n\nThis error indicates that type inference did not result in one unique possible\ntype, and extra information is required. In most cases this can be provided\nby adding a type annotation. Sometimes you need to specify a generic type\nparameter manually.\n\nIn the example above, type `Vec` has a type parameter `T`. When calling\n`Vec::new`, barring any other later usage of the variable `x` that allows the\ncompiler to infer what type `T` is, the compiler needs to be told what it is.\n\nThe type can be specified on the variable:\n\n```\nlet x: Vec<i32> = Vec::new();\n```\n\nThe type can also be specified in the path of the expression:\n\n```\nlet x = Vec::<i32>::new();\n```\n\nIn cases with more complex types, it is not necessary to annotate the full\ntype. Once the ambiguity is resolved, the compiler can infer the rest:\n\n```\nlet x: Vec<_> = \"hello\".chars().rev().collect();\n```\n\nAnother way to provide the compiler with enough information, is to specify the\ngeneric type parameter:\n\n```\nlet x = \"hello\".chars().rev().collect::<Vec<char>>();\n```\n\nAgain, you need not specify the full type if the compiler can infer it:\n\n```\nlet x = \"hello\".chars().rev().collect::<Vec<_>>();\n```\n\nApart from a method or function with a generic type parameter, this error can\noccur when a type parameter of a struct or trait cannot be inferred. In that\ncase it is not always possible to use a type annotation, because all candidates\nhave the same return type. For instance:\n\n```compile_fail,E0282\nstruct Foo<T> {\n    num: T,\n}\n\nimpl<T> Foo<T> {\n    fn bar() -> i32 {\n        0\n    }\n\n    fn baz() {\n        let number = Foo::bar();\n    }\n}\n```\n\nThis will fail because the compiler does not know which instance of `Foo` to\ncall `bar` on. Change `Foo::bar()` to `Foo::<T>::bar()` to resolve the error.\n"},"level":"error","spans":[{"file_name":"src/main.rs","byte_start":2136,"byte_end":2140,"line_start":65,"line_end":65,"column_start":27,"column_end":31,"is_primary":true,"text":[{"text":"            Some(name) => name.clone(),","highlight_start":27,"highlight_end":31}],"label":"cannot infer type","suggested_replacement":null,"suggestion_applicability":null,"expansion":null}],"children":[],"rendered":"\u001b[1m\u001b[91merror[E0282]\u001b[0m\u001b[1m: type annotations needed\u001b[0m\n  \u001b[1m\u001b[94m--> \u001b[0msrc/main.rs:65:27\n   \u001b[1m\u001b[94m|\u001b[0m\n\u001b[1m\u001b[94m65\u001b[0m \u001b[1m\u001b[94m|\u001b[0m             Some(name) => name.clone(),\n   \u001b[1m\u001b[94m|\u001b[0m                           \u001b[1m\u001b[91m^^^^\u001b[0m \u001b[1m\u001b[91mcannot infer type\u001b[0m\n\n"}
{"$message_type":"diagnostic","message":"type annotations needed","code":{"code":"E0282","explanation":"The compiler could not infer a type and asked for a type annotation.\n\nErroneous code example:\n\n```compile_fail,E0282\nlet x = Vec::new();\n```\n\nThis error indicates that type inference did not result in one unique possible\ntype, and extra information is required. In most cases this can be provided\nby adding a type annotation. Sometimes you need to specify a generic type\nparameter manually.\n\nIn the example above, type `Vec` has a type parameter `T`. When calling\n`Vec::new`, barring any other later usage of the variable `x` that allows the\ncompiler to infer what type `T` is, the compiler needs to be told what it is.\n\nThe type can be specified on the variable:\n\n```\nlet x: Vec<i32> = Vec::new();\n```\n\nThe type can also be specified in the path of the expression:\n\n```\nlet x = Vec::<i32>::new();\n```\n\nIn cases with more complex types, it is not necessary to annotate the full\ntype. Once the ambiguity is resolved, the compiler can infer the rest:\n\n```\nlet x: Vec<_> = \"hello\".chars().rev().collect();\n```\n\nAnother way to provide the compiler with enough information, is to specify the\ngeneric type parameter:\n\n```\nlet x = \"hello\".chars().rev().collect::<Vec<char>>();\n```\n\nAgain, you need not specify the full type if the compiler can infer it:\n\n```\nlet x = \"hello\".chars().rev().collect::<Vec<_>>();\n```\n\nApart from a method or function with a generic type parameter, this error can\noccur when a type parameter of a struct or trait cannot be inferred. In that\ncase it is not always possible to use a type annotation, because all candidates\nhave the same return type. For instance:\n\n```compile_fail,E0282\nstruct Foo<T> {\n    num: T,\n}\n\nimpl<T> Foo<T> {\n    fn bar() -> i32 {\n        0\n    }\n\n    fn baz() {\n        let number = Foo::bar();\n    }\n}\n```\n\nThis will fail because the compiler does not know which instance of `Foo` to\ncall `bar` on. Change `Foo::bar()` to `Foo::<T>::bar()` to resolve the error.\n"},"level":"error","spans":[{"file_name":"src/main.rs","byte_start":2880,"byte_end":2884,"line_start":83,"line_end":83,"column_start":32,"column_end":36,"is_primary":true,"text":[{"text":"            Some(name) => Some(name.clone()),","highlight_start":32,"highlight_end":36}],"label":"cannot infer type","suggested_replacement":null,"suggestion_applicability":null,"expansion":null}],"children":[],"rendered":"\u001b[1m\u001b[91merror[E0282]\u001b[0m\u001b[1m: type annotations needed\u001b[0m\n  \u001b[1m\u001b[94m--> \u001b[0msrc/main.rs:83:32\n   \u001b[1m\u001b[94m|\u001b[0m\n\u001b[1m\u001b[94m83\u001b[0m \u001b[1m\u001b[94m|\u001b[0m             Some(name) => Some(name.clone()),\n   \u001b[1m\u001b[94m|\u001b[0m                                \u001b[1m\u001b[91m^^^^\u001b[0m \u001b[1m\u001b[91mcannot infer type\u001b[0m\n\n"}
{"$message_type":"diagnostic","message":"type annotations needed","code":{"code":"E0282","explanation":"The compiler could not infer a type and asked for a type annotation.\n\nErroneous code example:\n\n```compile_fail,E0282\nlet x = Vec::new();\n```\n\nThis error indicates that type inference did not result in one unique possible\ntype, and extra information is required. In most cases this can be provided\nby adding a type annotation. Sometimes you need to specify a generic type\nparameter manually.\n\nIn the example above, type `Vec` has a type parameter `T`. When calling\n`Vec::new`, barring any other later usage of the variable `x` that allows the\ncompiler to infer what type `T` is, the compiler needs to be told what it is.\n\nThe type can be specified on the variable:\n\n```\nlet x: Vec<i32> = Vec::new();\n```\n\nThe type can also be specified in the path of the expression:\n\n```\nlet x = Vec::<i32>::new();\n```\n\nIn cases with more complex types, it is not necessary to annotate the full\ntype. Once the ambiguity is resolved, the compiler can infer the rest:\n\n```\nlet x: Vec<_> = \"hello\".chars().rev().collect();\n```\n\nAnother way to provide the compiler with enough information, is to specify the\ngeneric type parameter:\n\n```\nlet x = \"hello\".chars().rev().collect::<Vec<char>>();\n```\n\nAgain, you need not specify the full type if the compiler can infer it:\n\n```\nlet x = \"hello\".chars().rev().collect::<Vec<_>>();\n```\n\nApart from a method or function with a generic type parameter, this error can\noccur when a type parameter of a struct or trait cannot be inferred. In that\ncase it is not always possible to use a type annotation, because all candidates\nhave the same return type. For instance:\n\n```compile_fail,E0282\nstruct Foo<T> {\n    num: T,\n}\n\nimpl<T> Foo<T> {\n    fn bar() -> i32 {\n        0\n    }\n\n    fn baz() {\n        let number = Foo::bar();\n    }\n}\n```\n\nThis will fail because the compiler does not know which instance of `Foo` to\ncall `bar` on. Change `Foo::bar()` to `Foo::<T>::bar()` to resolve the error.\n"},"level":"error","spans":[{"file_name":"src/main.rs","byte_start":3032,"byte_end":3040,"line_start":86,"line_end":86,"column_start":24,"column_end":32,"is_primary":true,"text":[{"text":"                    if sessions.is_empty() {","highlight_start":24,"highlight_end":32}],"label":"cannot infer type","suggested_replacement":null,"suggestion_applicability":null,"expansion":null}],"children":[],"rendered":"\u001b[1m\u001b[91merror[E0282]\u001b[0m\u001b[1m: type annotations needed\u001b[0m\n  \u001b[1m\u001b[94m--> \u001b[0msrc/main.rs:86:24\n   \u001b[1m\u001b[94m|\u001b[0m\n\u001b[1m\u001b[94m86\u001b[0m \u001b[1m\u001b[94m|\u001b[0m                     if sessions.is_empty() {\n   \u001b[1m\u001b[94m|\u001b[0m                        \u001b[1m\u001b[91m^^^^^^^^\u001b[0m \u001b[1m\u001b[91mcannot infer type\u001b[0m\n\n"}
{"$message_type":"diagnostic","message":"failed to resolve: use of unresolved module or unlinked crate `shell_words`","code":{"code":"E0433","explanation":"An undeclared crate, module, or type was used.\n\nErroneous code example:\n\n```compile_fail,E0433\nlet map = HashMap::new();\n// error: failed to resolve: use of undeclared type `HashMap`\n```\n\nPlease verify you didn't misspell the type/module's name or that you didn't\nforget to import it:\n\n```\nuse std::collections::HashMap; // HashMap has been imported.\nlet map: HashMap<u32, u32> = HashMap::new(); // So it can be used!\n```\n\nIf you've expected to use a crate name:\n\n```compile_fail\nuse ferris_wheel::BigO;\n// error: failed to resolve: use of undeclared module or unlinked crate\n```\n\nMake sure the crate has been added as a dependency in `Cargo.toml`.\n\nTo use a module from your current crate, add the `crate::` prefix to the path.\n"},"level":"error","spans":[{"file_name":"src/main.rs","byte_start":4032,"byte_end":4043,"line_start":115,"line_end":115,"column_start":25,"column_end":36,"is_primary":true,"text":[{"text":"        let mut extra = shell_words::split(&parsed.tmux_args)","highlight_start":25,"highlight_end":36}],"label":"use of unresolved module or unlinked crate `shell_words`","suggested_replacement":null,"suggestion_applicability":null,"expansion":null}],"children":[{"message":"if you wanted to use a crate named `shell_words`, use `cargo add shell_words` to add it to your `Cargo.toml`","code":null,"level":"help","spans":[],"children":[],"rendered":null}],"rendered":"\u001b[1m\u001b[91merror[E0433]\u001b[0m\u001b[1m: failed to resolve: use of unresolved module or unlinked crate `shell_words`\u001b[0m\n   \u001b[1m\u001b[94m--> \u001b[0msrc/main.rs:115:25\n    \u001b[1m\u001b[94m|\u001b[0m\n\u001b[1m\u001b[94m115\u001b[0m \u001b[1m\u001b[94m|\u001b[0m         let mut extra = shell_words::split(&parsed.tmux_args)\n    \u001b[1m\u001b[94m|\u001b[0m                         \u001b[1m\u001b[91m^^^^^^^^^^^\u001b[0m \u001b[1m\u001b[91muse of unresolved module or unlinked crate `shell_words`\u001b[0m\n    \u001b[1m\u001b[94m|\u001b[0m\n    \u001b[1m\u001b[94m= \u001b[0m\u001b[1mhelp\u001b[0m: if you wanted to use a crate named `shell_words`, use `cargo add shell_words` to add it to your `Cargo.toml`\n\n"}
{"$message_type":"diagnostic","message":"the size for values of type `str` cannot be known at compilation time","code":{"code":"E0277","explanation":"You tried to use a type which doesn't implement some trait in a place which\nexpected that trait.\n\nErroneous code example:\n\n```compile_fail,E0277\n// here we declare the Foo trait with a bar method\ntrait Foo {\n    fn bar(&self);\n}\n\n// we now declare a function which takes an object implementing the Foo trait\nfn some_func<T: Foo>(foo: T) {\n    foo.bar();\n}\n\nfn main() {\n    // we now call the method with the i32 type, which doesn't implement\n    // the Foo trait\n    some_func(5i32); // error: the trait bound `i32 : Foo` is not satisfied\n}\n```\n\nIn order to fix this error, verify that the type you're using does implement\nthe trait. Example:\n\n```\ntrait Foo {\n    fn bar(&self);\n}\n\n// we implement the trait on the i32 type\nimpl Foo for i32 {\n    fn bar(&self) {}\n}\n\nfn some_func<T: Foo>(foo: T) {\n    foo.bar(); // we can now use this method since i32 implements the\n               // Foo trait\n}\n\nfn main() {\n    some_func(5i32); // ok!\n}\n```\n\nOr in a generic context, an erroneous code example would look like:\n\n```compile_fail,E0277\nfn some_func<T>(foo: T) {\n    println!(\"{:?}\", foo); // error: the trait `core::fmt::Debug` is not\n                           //        implemented for the type `T`\n}\n\nfn main() {\n    // We now call the method with the i32 type,\n    // which *does* implement the Debug trait.\n    some_func(5i32);\n}\n```\n\nNote that the error here is in the definition of the generic function. Although\nwe only call it with a parameter that does implement `Debug`, the compiler\nstill rejects the function. It must work with all possible input types. In\norder to make this example compile, we need to restrict the generic type we're\naccepting:\n\n```\nuse std::fmt;\n\n// Restrict the input type to types that implement Debug.\nfn some_func<T: fmt::Debug>(foo: T) {\n    println!(\"{:?}\", foo);\n}\n\nfn main() {\n    // Calling the method is still fine, as i32 implements Debug.\n    some_func(5i32);\n\n    // This would fail to compile now:\n    // struct WithoutDebug;\n    // some_func(WithoutDebug);\n}\n```\n\nRust only looks at the signature of the called function, as such it must\nalready specify all requirements that will be used for every type parameter.\n"},"level":"error","spans":[{"file_name":"src/main.rs","byte_start":4274,"byte_end":4282,"line_start":121,"line_end":121,"column_start":43,"column_end":51,"is_primary":true,"text":[{"text":"        eprintln!(\"[vigil] ssh prog: {}\", ssh_prog);","highlight_start":43,"highlight_end":51}],"label":"doesn't have a size known at compile-time","suggested_replacement":null,"suggestion_applicability":null,"expansion":{"span":{"file_name":"/home/codespace/.rustup/toolchains/stable-x86_64-unknown-linux-gnu/lib/rustlib/src/rust/library/std/src/macros.rs","byte_start":6638,"byte_end":6671,"line_start":221,"line_end":221,"column_start":29,"column_end":62,"is_primary":false,"text":[{"text":"        $crate::io::_eprint($crate::format_args_nl!($($arg)*));","highlight_start":29,"highlight_end":62}],"label":null,"suggested_replacement":null,"suggestion_applicability":null,"expansion":{"span":{"file_name":"/home/codespace/.rustup/toolchains/stable-x86_64-unknown-linux-gnu/lib/rustlib/src/rust/library/std/src/macros.rs","byte_start":6638,"byte_end":6671,"line_start":221,"line_end":221,"column_start":29,"column_end":62,"is_primary":false,"text":[{"text":"        $crate::io::_eprint($crate::format_args_nl!($($arg)*));","highlight_start":29,"highlight_end":62}],"label":null,"suggested_replacement":null,"suggestion_applicability":null,"expansion":{"span":{"file_name":"src/main.rs","byte_start":4240,"byte_end":4283,"line_start":121,"line_end":121,"column_start":9,"column_end":52,"is_primary":false,"text":[{"text":"        eprintln!(\"[vigil] ssh prog: {}\", ssh_prog);","highlight_start":9,"highlight_end":52}],"label":null,"suggested_replacement":null,"suggestion_applicability":null,"expansion":null},"macro_decl_name":"eprintln!","def_site_span":{"file_name":"/home/codespace/.rustup/toolchains/stable-x86_64-unknown-linux-gnu/lib/rustlib/src/rust/library/std/src/macros.rs","byte_start":6513,"byte_end":6534,"line_start":216,"line_end":216,"column_start":1,"column_end":22,"is_primary":false,"text":[{"text":"macro_rules! eprintln {","highlight_start":1,"highlight_end":22}],"label":null,"suggested_replacement":null,"suggestion_applicability":null,"expansion":null}}},"macro_decl_name":"$crate::format_args_nl!","def_site_span":{"file_name":"/home/codespace/.rustup/toolchains/stable-x86_64-unknown-linux-gnu/lib/rustlib/src/rust/library/core/src/macros/mod.rs","byte_start":36106,"byte_end":36133,"line_start":1027,"line_end":1027,"column_start":5,"column_end":32,"is_primary":false,"text":[{"text":"    macro_rules! format_args_nl {","highlight_start":5,"highlight_end":32}],"label":null,"suggested_replacement":null,"suggestion_applicability":null,"expansion":null}}},"macro_decl_name":"desugaring of format string literal","def_site_span":{"file_name":"src/main.rs","byte_start":0,"byte_end":0,"line_start":1,"line_end":1,"column_start":1,"column_end":1,"is_primary":false,"text":[],"label":null,"suggested_replacement":null,"suggestion_applicability":null,"expansion":null}}},{"file_name":"src/main.rs","byte_start":4269,"byte_end":4271,"line_start":121,"line_end":121,"column_start":38,"column_end":40,"is_primary":false,"text":[{"text":"        eprintln!(\"[vigil] ssh prog: {}\", ssh_prog);","highlight_start":38,"highlight_end":40}],"label":"required by this formatting parameter","suggested_replacement":null,"suggestion_applicability":null,"expansion":{"span":{"file_name":"/home/codespace/.rustup/toolchains/stable-x86_64-unknown-linux-gnu/lib/rustlib/src/rust/library/std/src/macros.rs","byte_start":6638,"byte_end":6671,"line_start":221,"line_end":221,"column_start":29,"column_end":62,"is_primary":false,"text":[{"text":"        $crate::io::_eprint($crate::format_args_nl!($($arg)*));","highlight_start":29,"highlight_end":62}],"label":null,"suggested_replacement":null,"suggestion_applicability":null,"expansion":{"span":{"file_name":"/home/codespace/.rustup/toolchains/stable-x86_64-unknown-linux-gnu/lib/rustlib/src/rust/library/std/src/macros.rs","byte_start":6638,"byte_end":6671,"line_start":221,"line_end":221,"column_start":29,"column_end":62,"is_primary":false,"text":[{"text":"        $crate::io::_eprint($crate::format_args_nl!($($arg)*));","highlight_start":29,"highlight_end":62}],"label":null,"suggested_replacement":null,"suggestion_applicability":null,"expansion":{"span":{"file_name":"src/main.rs","byte_start":4240,"byte_end":4283,"line_start":121,"line_end":121,"column_start":9,"column_end":52,"is_primary":false,"text":[{"text":"        eprintln!(\"[vigil] ssh prog: {}\", ssh_prog);","highlight_start":9,"highlight_end":52}],"label":null,"suggested_replacement":null,"suggestion_applicability":null,"expansion":null},"macro_decl_name":"eprintln!","def_site_span":{"file_name":"/home/codespace/.rustup/toolchains/stable-x86_64-unknown-linux-gnu/lib/rustlib/src/rust/library/std/src/macros.rs","byte_start":6513,"byte_end":6534,"line_start":216,"line_end":216,"column_start":1,"column_end":22,"is_primary":false,"text":[{"text":"macro_rules! eprintln {","highlight_start":1,"highlight_end":22}],"label":null,"suggested_replacement":null,"suggestion_applicability":null,"expansion":null}}},"macro_decl_name":"$crate::format_args_nl!","def_site_span":{"file_name":"/home/codespace/.rustup/toolchains/stable-x86_64-unknown-linux-gnu/lib/rustlib/src/rust/library/core/src/macros/mod.rs","byte_start":36106,"byte_end":36133,"line_start":1027,"line_end":1027,"column_start":5,"column_end":32,"is_primary":false,"text":[{"text":"    macro_rules! format_args_nl {","highlight_start":5,"highlight_end":32}],"label":null,"suggested_replacement":null,"suggestion_applicability":null,"expansion":null}}},"macro_decl_name":"desugaring of format string literal","def_site_span":{"file_name":"src/main.rs","byte_start":0,"byte_end":0,"line_start":1,"line_end":1,"column_start":1,"column_end":1,"is_primary":false,"text":[],"label":null,"suggested_replacement":null,"suggestion_applicability":null,"expansion":null}}}],"children":[{"message":"the trait `Sized` is not implemented for `str`","code":null,"level":"help","spans":[],"children":[],"rendered":null}],"rendered":"\u001b[1m\u001b[91merror[E0277]\u001b[0m\u001b[1m: the size for values of type `str` cannot be known at compilation time\u001b[0m\n   \u001b[1m\u001b[94m--> \u001b[0msrc/main.rs:121:43\n    \u001b[1m\u001b[94m|\u001b[0m\n\u001b[1m\u001b[94m121\u001b[0m \u001b[1m\u001b[94m|\u001b[0m         eprintln!(\"[vigil] ssh prog: {}\", ssh_prog);\n    \u001b[1m\u001b[94m|\u001b[0m                                      \u001b[1m\u001b[94m--\u001b[0m   \u001b[1m\u001b[91m^^^^^^^^\u001b[0m \u001b[1m\u001b[91mdoesn't have a size known at compile-time\u001b[0m\n    \u001b[1m\u001b[94m|\u001b[0m                                      \u001b[1m\u001b[94m|\u001b[0m\n    \u001b[1m\u001b[94m|\u001b[0m                                      \u001b[1m\u001b[94mrequired by this formatting parameter\u001b[0m\n    \u001b[1m\u001b[94m|\u001b[0m\n    \u001b[1m\u001b[94m= \u001b[0m\u001b[1mhelp\u001b[0m: the trait `Sized` is not implemented for `str`\n    \u001b[1m\u001b[94m= \u001b[0m\u001b[1mnote\u001b[0m: this error originates in the macro `$crate::format_args_nl` which comes from the expansion of the macro `eprintln` (in Nightly builds, run with -Z macro-backtrace for more info)\n\n"}
{"$message_type":"diagnostic","message":"the size for values of type `[String]` cannot be known at compilation time","code":{"code":"E0277","explanation":"You tried to use a type which doesn't implement some trait in a place which\nexpected that trait.\n\nErroneous code example:\n\n```compile_fail,E0277\n// here we declare the Foo trait with a bar method\ntrait Foo {\n    fn bar(&self);\n}\n\n// we now declare a function which takes an object implementing the Foo trait\nfn some_func<T: Foo>(foo: T) {\n    foo.bar();\n}\n\nfn main() {\n    // we now call the method with the i32 type, which doesn't implement\n    // the Foo trait\n    some_func(5i32); // error: the trait bound `i32 : Foo` is not satisfied\n}\n```\n\nIn order to fix this error, verify that the type you're using does implement\nthe trait. Example:\n\n```\ntrait Foo {\n    fn bar(&self);\n}\n\n// we implement the trait on the i32 type\nimpl Foo for i32 {\n    fn bar(&self) {}\n}\n\nfn some_func<T: Foo>(foo: T) {\n    foo.bar(); // we can now use this method since i32 implements the\n               // Foo trait\n}\n\nfn main() {\n    some_func(5i32); // ok!\n}\n```\n\nOr in a generic context, an erroneous code example would look like:\n\n```compile_fail,E0277\nfn some_func<T>(foo: T) {\n    println!(\"{:?}\", foo); // error: the trait `core::fmt::Debug` is not\n                           //        implemented for the type `T`\n}\n\nfn main() {\n    // We now call the method with the i32 type,\n    // which *does* implement the Debug trait.\n    some_func(5i32);\n}\n```\n\nNote that the error here is in the definition of the generic function. Although\nwe only call it with a parameter that does implement `Debug`, the compiler\nstill rejects the function. It must work with all possible input types. In\norder to make this example compile, we need to restrict the generic type we're\naccepting:\n\n```\nuse std::fmt;\n\n// Restrict the input type to types that implement Debug.\nfn some_func<T: fmt::Debug>(foo: T) {\n    println!(\"{:?}\", foo);\n}\n\nfn main() {\n    // Calling the method is still fine, as i32 implements Debug.\n    some_func(5i32);\n\n    // This would fail to compile now:\n    // struct WithoutDebug;\n    // some_func(WithoutDebug);\n}\n```\n\nRust only looks at the signature of the called function, as such it must\nalready specify all requirements that will be used for every type parameter.\n"},"level":"error","spans":[{"file_name":"src/main.rs","byte_start":4335,"byte_end":4343,"line_start":122,"line_end":122,"column_start":51,"column_end":59,"is_primary":true,"text":[{"text":"        eprintln!(\"[vigil] ssh args (pre): {:?}\", ssh_args);","highlight_start":51,"highlight_end":59}],"label":"doesn't have a size known at compile-time","suggested_replacement":null,"suggestion_applicability":null,"expansion":{"span":{"file_name":"/home/codespace/.rustup/toolchains/stable-x86_64-unknown-linux-gnu/lib/rustlib/src/rust/library/std/src/macros.rs","byte_start":6638,"byte_end":6671,"line_start":221,"line_end":221,"column_start":29,"column_end":62,"is_primary":false,"text":[{"text":"        $crate::io::_eprint($crate::format_args_nl!($($arg)*));","highlight_start":29,"highlight_end":62}],"label":null,"suggested_replacement":null,"suggestion_applicability":null,"expansion":{"span":{"file_name":"/home/codespace/.rustup/toolchains/stable-x86_64-unknown-linux-gnu/lib/rustlib/src/rust/library/std/src/macros.rs","byte_start":6638,"byte_end":6671,"line_start":221,"line_end":221,"column_start":29,"column_end":62,"is_primary":false,"text":[{"text":"        $crate::io::_eprint($crate::format_args_nl!($($arg)*));","highlight_start":29,"highlight_end":62}],"label":null,"suggested_replacement":null,"suggestion_applicability":null,"expansion":{"span":{"file_name":"src/main.rs","byte_start":4293,"byte_end":4344,"line_start":122,"line_end":122,"column_start":9,"column_end":60,"is_primary":false,"text":[{"text":"        eprintln!(\"[vigil] ssh args (pre): {:?}\", ssh_args);","highlight_start":9,"highlight_end":60}],"label":null,"suggested_replacement":null,"suggestion_applicability":null,"expansion":null},"macro_decl_name":"eprintln!","def_site_span":{"file_name":"/home/codespace/.rustup/toolchains/stable-x86_64-unknown-linux-gnu/lib/rustlib/src/rust/library/std/src/macros.rs","byte_start":6513,"byte_end":6534,"line_start":216,"line_end":216,"column_start":1,"column_end":22,"is_primary":false,"text":[{"text":"macro_rules! eprintln {","highlight_start":1,"highlight_end":22}],"label":null,"suggested_replacement":null,"suggestion_applicability":null,"expansion":null}}},"macro_decl_name":"$crate::format_args_nl!","def_site_span":{"file_name":"/home/codespace/.rustup/toolchains/stable-x86_64-unknown-linux-gnu/lib/rustlib/src/rust/library/core/src/macros/mod.rs","byte_start":36106,"byte_end":36133,"line_start":1027,"line_end":1027,"column_start":5,"column_end":32,"is_primary":false,"text":[{"text":"    macro_rules! format_args_nl {","highlight_start":5,"highlight_end":32}],"label":null,"suggested_replacement":null,"suggestion_applicability":null,"expansion":null}}},"macro_decl_name":"desugaring of format string literal","def_site_span":{"file_name":"src/main.rs","byte_start":0,"byte_end":0,"line_start":1,"line_end":1,"column_start":1,"column_end":1,"is_primary":false,"text":[],"label":null,"suggested_replacement":null,"suggestion_applicability":null,"expansion":null}}},{"file_name":"src/main.rs","byte_start":4328,"byte_end":4332,"line_start":122,"line_end":122,"column_start":44,"column_end":48,"is_primary":false,"text":[{"text":"        eprintln!(\"[vigil] ssh args (pre): {:?}\", ssh_args);","highlight_start":44,"highlight_end":48}],"label":"required by this formatting parameter","suggested_replacement":null,"suggestion_applicability":null,"expansion":{"span":{"file_name":"/home/codespace/.rustup/toolchains/stable-x86_64-unknown-linux-gnu/lib/rustlib/src/rust/library/std/src/macros.rs","byte_start":6638,"byte_end":6671,"line_start":221,"line_end":221,"column_start":29,"column_end":62,"is_primary":false,"text":[{"text":"        $crate::io::_eprint($crate::format_args_nl!($($arg)*));","highlight_start":29,"highlight_end":62}],"label":null,"suggested_replacement":null,"suggestion_applicability":null,"expansion":{"span":{"file_name":"/home/codespace/.rustup/toolchains/stable-x86_64-unknown-linux-gnu/lib/rustlib/src/rust/library/std/src/macros.rs","byte_start":6638,"byte_end":6671,"line_start":221,"line_end":221,"column_start":29,"column_end":62,"is_primary":false,"text":[{"text":"        $crate::io::_eprint($crate::format_args_nl!($($arg)*));","highlight_start":29,"highlight_end":62}],"label":null,"suggested_replacement":null,"suggestion_applicability":null,"expansion":{"span":{"file_name":"src/main.rs","byte_start":4293,"byte_end":4344,"line_start":122,"line_end":122,"column_start":9,"column_end":60,"is_primary":false,"text":[{"text":"        eprintln!(\"[vigil] ssh args (pre): {:?}\", ssh_args);","highlight_start":9,"highlight_end":60}],"label":null,"suggested_replacement":null,"suggestion_applicability":null,"expansion":null},"macro_decl_name":"eprintln!","def_site_span":{"file_name":"/home/codespace/.rustup/toolchains/stable-x86_64-unknown-linux-gnu/lib/rustlib/src/rust/library/std/src/macros.rs","byte_start":6513,"byte_end":6534,"line_start":216,"line_end":216,"column_start":1,"column_end":22,"is_primary":false,"text":[{"text":"macro_rules! eprintln {","highlight_start":1,"highlight_end":22}],"label":null,"suggested_replacement":null,"suggestion_applicability":null,"expansion":null}}},"macro_decl_name":"$crate::format_args_nl!","def_site_span":{"file_name":"/home/codespace/.rustup/toolchains/stable-x86_64-unknown-linux-gnu/lib/rustlib/src/rust/library/core/src/macros/mod.rs","byte_start":36106,"byte_end":36133,"line_start":1027,"line_end":1027,"column_start":5,"column_end":32,"is_primary":false,"text":[{"text":"    macro_rules! format_args_nl {","highlight_start":5,"highlight_end":32}],"label":null,"suggested_replacement":null,"suggestion_applicability":null,"expansion":null}}},"macro_decl_name":"desugaring of format string literal","def_site_span":{"file_name":"src/main.rs","byte_start":0,"byte_end":0,"line_start":1,"line_end":1,"column_start":1,"column_end":1,"is_primary":false,"text":[],"label":null,"suggested_replacement":null,"suggestion_applicability":null,"expansion":null}}}],"children":[{"message":"the trait `Sized` is not implemented for `[String]`","code":null,"level":"help","spans":[],"children":[],"rendered":null}],"rendered":"\u001b[1m\u001b[91merror[E0277]\u001b[0m\u001b[1m: the size for values of type `[String]` cannot be known at compilation time\u001b[0m\n   \u001b[1m\u001b[94m--> \u001b[0msrc/main.rs:122:51\n    \u001b[1m\u001b[94m|\u001b[0m\n\u001b[1m\u001b[94m122\u001b[0m \u001b[1m\u001b[94m|\u001b[0m         eprintln!(\"[vigil] ssh args (pre): {:?}\", ssh_args);\n    \u001b[1m\u001b[94m|\u001b[0m                                            \u001b[1m\u001b[94m----\u001b[0m   \u001b[1m\u001b[91m^^^^^^^^\u001b[0m \u001b[1m\u001b[91mdoesn't have a size known at compile-time\u001b[0m\n    \u001b[1m\u001b[94m|\u001b[0m                                            \u001b[1m\u001b[94m|\u001b[0m\n    \u001b[1m\u001b[94m|\u001b[0m                                            \u001b[1m\u001b[94mrequired by this formatting parameter\u001b[0m\n    \u001b[1m\u001b[94m|\u001b[0m\n    \u001b[1m\u001b[94m= \u001b[0m\u001b[1mhelp\u001b[0m: the trait `Sized` is not implemented for `[String]`\n    \u001b[1m\u001b[94m= \u001b[0m\u001b[1mnote\u001b[0m: this error originates in the macro `$crate::format_args_nl` which comes from the expansion of the macro `eprintln` (in Nightly builds, run with -Z macro-backtrace for more info)\n\n"}
{"$message_type":"diagnostic","message":"no method named `extend` found for slice `[String]` in the current scope","code":{"code":"E0599","explanation":"This error occurs when a method is used on a type which doesn't implement it:\n\nErroneous code example:\n\n```compile_fail,E0599\nstruct Mouth;\n\nlet x = Mouth;\nx.chocolate(); // error: no method named `chocolate` found for type `Mouth`\n               //        in the current scope\n```\n\nIn this case, you need to implement the `chocolate` method to fix the error:\n\n```\nstruct Mouth;\n\nimpl Mouth {\n    fn chocolate(&self) { // We implement the `chocolate` method here.\n        println!(\"Hmmm! I love chocolate!\");\n    }\n}\n\nlet x = Mouth;\nx.chocolate(); // ok!\n```\n"},"level":"error","spans":[{"file_name":"src/main.rs","byte_start":4421,"byte_end":4427,"line_start":125,"line_end":125,"column_start":14,"column_end":20,"is_primary":true,"text":[{"text":"    ssh_args.extend(tmux_cmd);","highlight_start":14,"highlight_end":20}],"label":"method not found in `[String]`","suggested_replacement":null,"suggestion_applicability":null,"expansion":null}],"children":[],"rendered":"\u001b[1m\u001b[91merror[E0599]\u001b[0m\u001b[1m: no method named `extend` found for slice `[String]` in the current scope\u001b[0m\n   \u001b[1m\u001b[94m--> \u001b[0msrc/main.rs:125:14\n    \u001b[1m\u001b[94m|\u001b[0m\n\u001b[1m\u001b[94m125\u001b[0m \u001b[1m\u001b[94m|\u001b[0m     ssh_args.extend(tmux_cmd);\n    \u001b[1m\u001b[94m|\u001b[0m              \u001b[1m\u001b[91m^^^^^^\u001b[0m \u001b[1m\u001b[91mmethod not found in `[String]`\u001b[0m\n\n"}
{"$message_type":"diagnostic","message":"the size for values of type `[String]` cannot be known at compilation time","code":{"code":"E0277","explanation":"You tried to use a type which doesn't implement some trait in a place which\nexpected that trait.\n\nErroneous code example:\n\n```compile_fail,E0277\n// here we declare the Foo trait with a bar method\ntrait Foo {\n    fn bar(&self);\n}\n\n// we now declare a function which takes an object implementing the Foo trait\nfn some_func<T: Foo>(foo: T) {\n    foo.bar();\n}\n\nfn main() {\n    // we now call the method with the i32 type, which doesn't implement\n    // the Foo trait\n    some_func(5i32); // error: the trait bound `i32 : Foo` is not satisfied\n}\n```\n\nIn order to fix this error, verify that the type you're using does implement\nthe trait. Example:\n\n```\ntrait Foo {\n    fn bar(&self);\n}\n\n// we implement the trait on the i32 type\nimpl Foo for i32 {\n    fn bar(&self) {}\n}\n\nfn some_func<T: Foo>(foo: T) {\n    foo.bar(); // we can now use this method since i32 implements the\n               // Foo trait\n}\n\nfn main() {\n    some_func(5i32); // ok!\n}\n```\n\nOr in a generic context, an erroneous code example would look like:\n\n```compile_fail,E0277\nfn some_func<T>(foo: T) {\n    println!(\"{:?}\", foo); // error: the trait `core::fmt::Debug` is not\n                           //        implemented for the type `T`\n}\n\nfn main() {\n    // We now call the method with the i32 type,\n    // which *does* implement the Debug trait.\n    some_func(5i32);\n}\n```\n\nNote that the error here is in the definition of the generic function. Although\nwe only call it with a parameter that does implement `Debug`, the compiler\nstill rejects the function. It must work with all possible input types. In\norder to make this example compile, we need to restrict the generic type we're\naccepting:\n\n```\nuse std::fmt;\n\n// Restrict the input type to types that implement Debug.\nfn some_func<T: fmt::Debug>(foo: T) {\n    println!(\"{:?}\", foo);\n}\n\nfn main() {\n    // Calling the method is still fine, as i32 implements Debug.\n    some_func(5i32);\n\n    // This would fail to compile now:\n    // struct WithoutDebug;\n    // some_func(WithoutDebug);\n}\n```\n\nRust only looks at the signature of the called function, as such it must\nalready specify all requirements that will be used for every type parameter.\n"},"level":"error","spans":[{"file_name":"src/main.rs","byte_start":4537,"byte_end":4545,"line_start":127,"line_end":127,"column_start":53,"column_end":61,"is_primary":true,"text":[{"text":"        eprintln!(\"[vigil] ssh args (final): {:?}\", ssh_args);","highlight_start":53,"highlight_end":61}],"label":"doesn't have a size known at compile-time","suggested_replacement":null,"suggestion_applicability":null,"expansion":{"span":{"file_name":"/home/codespace/.rustup/toolchains/stable-x86_64-unknown-linux-gnu/lib/rustlib/src/rust/library/std/src/macros.rs","byte_start":6638,"byte_end":6671,"line_start":221,"line_end":221,"column_start":29,"column_end":62,"is_primary":false,"text":[{"text":"        $crate::io::_eprint($crate::format_args_nl!($($arg)*));","highlight_start":29,"highlight_end":62}],"label":null,"suggested_replacement":null,"suggestion_applicability":null,"expansion":{"span":{"file_name":"/home/codespace/.rustup/toolchains/stable-x86_64-unknown-linux-gnu/lib/rustlib/src/rust/library/std/src/macros.rs","byte_start":6638,"byte_end":6671,"line_start":221,"line_end":221,"column_start":29,"column_end":62,"is_primary":false,"text":[{"text":"        $crate::io::_eprint($crate::format_args_nl!($($arg)*));","highlight_start":29,"highlight_end":62}],"label":null,"suggested_replacement":null,"suggestion_applicability":null,"expansion":{"span":{"file_name":"src/main.rs","byte_start":4493,"byte_end":4546,"line_start":127,"line_end":127,"column_start":9,"column_end":62,"is_primary":false,"text":[{"text":"        eprintln!(\"[vigil] ssh args (final): {:?}\", ssh_args);","highlight_start":9,"highlight_end":62}],"label":null,"suggested_replacement":null,"suggestion_applicability":null,"expansion":null},"macro_decl_name":"eprintln!","def_site_span":{"file_name":"/home/codespace/.rustup/toolchains/stable-x86_64-unknown-linux-gnu/lib/rustlib/src/rust/library/std/src/macros.rs","byte_start":6513,"byte_end":6534,"line_start":216,"line_end":216,"column_start":1,"column_end":22,"is_primary":false,"text":[{"text":"macro_rules! eprintln {","highlight_start":1,"highlight_end":22}],"label":null,"suggested_replacement":null,"suggestion_applicability":null,"expansion":null}}},"macro_decl_name":"$crate::format_args_nl!","def_site_span":{"file_name":"/home/codespace/.rustup/toolchains/stable-x86_64-unknown-linux-gnu/lib/rustlib/src/rust/library/core/src/macros/mod.rs","byte_start":36106,"byte_end":36133,"line_start":1027,"line_end":1027,"column_start":5,"column_end":32,"is_primary":false,"text":[{"text":"    macro_rules! format_args_nl {","highlight_start":5,"highlight_end":32}],"label":null,"suggested_replacement":null,"suggestion_applicability":null,"expansion":null}}},"macro_decl_name":"desugaring of format string literal","def_site_span":{"file_name":"src/main.rs","byte_start":0,"byte_end":0,"line_start":1,"line_end":1,"column_start":1,"column_end":1,"is_primary":false,"text":[],"label":null,"suggested_replacement":null,"suggestion_applicability":null,"expansion":null}}},{"file_name":"src/main.rs","byte_start":4530,"byte_end":4534,"line_start":127,"line_end":127,"column_start":46,"column_end":50,"is_primary":false,"text":[{"text":"        eprintln!(\"[vigil] ssh args (final): {:?}\", ssh_args);","highlight_start":46,"highlight_end":50}],"label":"required by this formatting parameter","suggested_replacement":null,"suggestion_applicability":null,"expansion":{"span":{"file_name":"/home/codespace/.rustup/toolchains/stable-x86_64-unknown-linux-gnu/lib/rustlib/src/rust/library/std/src/macros.rs","byte_start":6638,"byte_end":6671,"line_start":221,"line_end":221,"column_start":29,"column_end":62,"is_primary":false,"text":[{"text":"        $crate::io::_eprint($crate::format_args_nl!($($arg)*));","highlight_start":29,"highlight_end":62}],"label":null,"suggested_replacement":null,"suggestion_applicability":null,"expansion":{"span":{"file_name":"/home/codespace/.rustup/toolchains/stable-x86_64-unknown-linux-gnu/lib/rustlib/src/rust/library/std/src/macros.rs","byte_start":6638,"byte_end":6671,"line_start":221,"line_end":221,"column_start":29,"column_end":62,"is_primary":false,"text":[{"text":"        $crate::io::_eprint($crate::format_args_nl!($($arg)*));","highlight_start":29,"highlight_end":62}],"label":null,"suggested_replacement":null,"suggestion_applicability":null,"expansion":{"span":{"file_name":"src/main.rs","byte_start":4493,"byte_end":4546,"line_start":127,"line_end":127,"column_start":9,"column_end":62,"is_primary":false,"text":[{"text":"        eprintln!(\"[vigil] ssh args (final): {:?}\", ssh_args);","highlight_start":9,"highlight_end":62}],"label":null,"suggested_replacement":null,"suggestion_applicability":null,"expansion":null},"macro_decl_name":"eprintln!","def_site_span":{"file_name":"/home/codespace/.rustup/toolchains/stable-x86_64-unknown-linux-gnu/lib/rustlib/src/rust/library/std/src/macros.rs","byte_start":6513,"byte_end":6534,"line_start":216,"line_end":216,"column_start":1,"column_end":22,"is_primary":false,"text":[{"text":"macro_rules! eprintln {","highlight_start":1,"highlight_end":22}],"label":null,"suggested_replacement":null,"suggestion_applicability":null,"expansion":null}}},"macro_decl_name":"$crate::format_args_nl!","def_site_span":{"file_name":"/home/codespace/.rustup/toolchains/stable-x86_64-unknown-linux-gnu/lib/rustlib/src/rust/library/core/src/macros/mod.rs","byte_start":36106,"byte_end":36133,"line_start":1027,"line_end":1027,"column_start":5,"column_end":32,"is_primary":false,"text":[{"text":"    macro_rules! format_args_nl {","highlight_start":5,"highlight_end":32}],"label":null,"suggested_replacement":null,"suggestion_applicability":null,"expansion":null}}},"macro_decl_name":"desugaring of format string literal","def_site_span":{"file_name":"src/main.rs","byte_start":0,"byte_end":0,"line_start":1,"line_end":1,"column_start":1,"column_end":1,"is_primary":false,"text":[],"label":null,"suggested_replacement":null,"suggestion_applicability":null,"expansion":null}}}],"children":[{"message":"the trait `Sized` is not implemented for `[String]`","code":null,"level":"help","spans":[],"children":[],"rendered":null}],"rendered":"\u001b[1m\u001b[91merror[E0277]\u001b[0m\u001b[1m: the size for values of type `[String]` cannot be known at compilation time\u001b[0m\n   \u001b[1m\u001b[94m--> \u001b[0msrc/main.rs:127:53\n    \u001b[1m\u001b[94m|\u001b[0m\n\u001b[1m\u001b[94m127\u001b[0m \u001b[1m\u001b[94m|\u001b[0m         eprintln!(\"[vigil] ssh args (final): {:?}\", ssh_args);\n    \u001b[1m\u001b[94m|\u001b[0m                                              \u001b[1m\u001b[94m----\u001b[0m   \u001b[1m\u001b[91m^^^^^^^^\u001b[0m \u001b[1m\u001b[91mdoesn't have a size known at compile-time\u001b[0m\n    \u001b[1m\u001b[94m|\u001b[0m                                              \u001b[1m\u001b[94m|\u001b[0m\n    \u001b[1m\u001b[94m|\u001b[0m                                              \u001b[1m\u001b[94mrequired by this formatting parameter\u001b[0m\n    \u001b[1m\u001b[94m|\u001b[0m\n    \u001b[1m\u001b[94m= \u001b[0m\u001b[1mhelp\u001b[0m: the trait `Sized` is not implemented for `[String]`\n    \u001b[1m\u001b[94m= \u001b[0m\u001b[1mnote\u001b[0m: this error originates in the macro `$crate::format_args_nl` which comes from the expansion of the macro `eprintln` (in Nightly builds, run with -Z macro-backtrace for more info)\n\n"}
{"$message_type":"diagnostic","message":"no method named `with_context` found for enum `Result<T, E>` in the current scope","code":{"code":"E0599","explanation":"This error occurs when a method is used on a type which doesn't implement it:\n\nErroneous code example:\n\n```compile_fail,E0599\nstruct Mouth;\n\nlet x = Mouth;\nx.chocolate(); // error: no method named `chocolate` found for type `Mouth`\n               //        in the current scope\n```\n\nIn this case, you need to implement the `chocolate` method to fix the error:\n\n```\nstruct Mouth;\n\nimpl Mouth {\n    fn chocolate(&self) { // We implement the `chocolate` method here.\n        println!(\"Hmmm! I love chocolate!\");\n    }\n}\n\nlet x = Mouth;\nx.chocolate(); // ok!\n```\n"},"level":"error","spans":[{"file_name":"src/main.rs","byte_start":4572,"byte_end":4749,"line_start":130,"line_end":136,"column_start":18,"column_end":10,"is_primary":false,"text":[{"text":"    let status = Command::new(&ssh_prog)","highlight_start":18,"highlight_end":41},{"text":"        .args(&ssh_args)","highlight_start":1,"highlight_end":25},{"text":"        .stdin(Stdio::inherit())","highlight_start":1,"highlight_end":33},{"text":"        .stdout(Stdio::inherit())","highlight_start":1,"highlight_end":34},{"text":"        .stderr(Stdio::inherit())","highlight_start":1,"highlight_end":34},{"text":"        .status()","highlight_start":1,"highlight_end":18},{"text":"        .with_context(|| format!(\"failed to execute {}\", ssh_prog))?;","highlight_start":1,"highlight_end":10}],"label":"","suggested_replacement":null,"suggestion_applicability":null,"expansion":null},{"file_name":"src/main.rs","byte_start":4749,"byte_end":4761,"line_start":136,"line_end":136,"column_start":10,"column_end":22,"is_primary":true,"text":[{"text":"        .with_context(|| format!(\"failed to execute {}\", ssh_prog))?;","highlight_start":10,"highlight_end":22}],"label":"method not found in `Result<ExitStatus, std::io::Error>`","suggested_replacement":null,"suggestion_applicability":null,"expansion":null}],"children":[],"rendered":"\u001b[1m\u001b[91merror[E0599]\u001b[0m\u001b[1m: no method named `with_context` found for enum `Result<T, E>` in the current scope\u001b[0m\n   \u001b[1m\u001b[94m--> \u001b[0msrc/main.rs:136:10\n    \u001b[1m\u001b[94m|\u001b[0m\n\u001b[1m\u001b[94m130\u001b[0m \u001b[1m\u001b[94m|\u001b[0m       let status = Command::new(&ssh_prog)\n    \u001b[1m\u001b[94m|\u001b[0m \u001b[1m\u001b[94m __________________-\u001b[0m\n\u001b[1m\u001b[94m131\u001b[0m \u001b[1m\u001b[94m|\u001b[0m \u001b[1m\u001b[94m|\u001b[0m         .args(&ssh_args)\n\u001b[1m\u001b[94m132\u001b[0m \u001b[1m\u001b[94m|\u001b[0m \u001b[1m\u001b[94m|\u001b[0m         .stdin(Stdio::inherit())\n\u001b[1m\u001b[94m133\u001b[0m \u001b[1m\u001b[94m|\u001b[0m \u001b[1m\u001b[94m|\u001b[0m         .stdout(Stdio::inherit())\n\u001b[1m\u001b[94m134\u001b[0m \u001b[1m\u001b[94m|\u001b[0m \u001b[1m\u001b[94m|\u001b[0m         .stderr(Stdio::inherit())\n\u001b[1m\u001b[94m135\u001b[0m \u001b[1m\u001b[94m|\u001b[0m \u001b[1m\u001b[94m|\u001b[0m         .status()\n\u001b[1m\u001b[94m136\u001b[0m \u001b[1m\u001b[94m|\u001b[0m \u001b[1m\u001b[94m|\u001b[0m         .with_context(|| format!(\"failed to execute {}\", ssh_prog))?;\n    \u001b[1m\u001b[94m|\u001b[0m \u001b[1m\u001b[94m|\u001b[0m         \u001b[1m\u001b[94m-\u001b[0m\u001b[1m\u001b[91m^^^^^^^^^^^^\u001b[0m \u001b[1m\u001b[91mmethod not found in `Result<ExitStatus, std::io::Error>`\u001b[0m\n    \u001b[1m\u001b[94m|\u001b[0m \u001b[1m\u001b[94m|_________|\u001b[0m\n    \u001b[1m\u001b[94m|\u001b[0m\n\n"}
{"$message_type":"diagnostic","message":"the size for values of type `str` cannot be known at compilation time","code":{"code":"E0277","explanation":"You tried to use a type which doesn't implement some trait in a place which\nexpected that trait.\n\nErroneous code example:\n\n```compile_fail,E0277\n// here we declare the Foo trait with a bar method\ntrait Foo {\n    fn bar(&self);\n}\n\n// we now declare a function which takes an object implementing the Foo trait\nfn some_func<T: Foo>(foo: T) {\n    foo.bar();\n}\n\nfn main() {\n    // we now call the method with the i32 type, which doesn't implement\n    // the Foo trait\n    some_func(5i32); // error: the trait bound `i32 : Foo` is not satisfied\n}\n```\n\nIn order to fix this error, verify that the type you're using does implement\nthe trait. Example:\n\n```\ntrait Foo {\n    fn bar(&self);\n}\n\n// we implement the trait on the i32 type\nimpl Foo for i32 {\n    fn bar(&self) {}\n}\n\nfn some_func<T: Foo>(foo: T) {\n    foo.bar(); // we can now use this method since i32 implements the\n               // Foo trait\n}\n\nfn main() {\n    some_func(5i32); // ok!\n}\n```\n\nOr in a generic context, an erroneous code example would look like:\n\n```compile_fail,E0277\nfn some_func<T>(foo: T) {\n    println!(\"{:?}\", foo); // error: the trait `core::fmt::Debug` is not\n                           //        implemented for the type `T`\n}\n\nfn main() {\n    // We now call the method with the i32 type,\n    // which *does* implement the Debug trait.\n    some_func(5i32);\n}\n```\n\nNote that the error here is in the definition of the generic function. Although\nwe only call it with a parameter that does implement `Debug`, the compiler\nstill rejects the function. It must work with all possible input types. In\norder to make this example compile, we need to restrict the generic type we're\naccepting:\n\n```\nuse std::fmt;\n\n// Restrict the input type to types that implement Debug.\nfn some_func<T: fmt::Debug>(foo: T) {\n    println!(\"{:?}\", foo);\n}\n\nfn main() {\n    // Calling the method is still fine, as i32 implements Debug.\n    some_func(5i32);\n\n    // This would fail to compile now:\n    // struct WithoutDebug;\n    // some_func(WithoutDebug);\n}\n```\n\nRust only looks at the signature of the called function, as such it must\nalready specify all requirements that will be used for every type parameter.\n"},"level":"error","spans":[{"file_name":"src/main.rs","byte_start":4797,"byte_end":4805,"line_start":136,"line_end":136,"column_start":58,"column_end":66,"is_primary":true,"text":[{"text":"        .with_context(|| format!(\"failed to execute {}\", ssh_prog))?;","highlight_start":58,"highlight_end":66}],"label":"doesn't have a size known at compile-time","suggested_replacement":null,"suggestion_applicability":null,"expansion":{"span":{"file_name":"/home/codespace/.rustup/toolchains/stable-x86_64-unknown-linux-gnu/lib/rustlib/src/rust/library/alloc/src/macros.rs","byte_start":3921,"byte_end":3961,"line_start":108,"line_end":108,"column_start":33,"column_end":73,"is_primary":false,"text":[{"text":"            $crate::fmt::format($crate::__export::format_args!($($arg)*))","highlight_start":33,"highlight_end":73}],"label":null,"suggested_replacement":null,"suggestion_applicability":null,"expansion":{"span":{"file_name":"/home/codespace/.rustup/toolchains/stable-x86_64-unknown-linux-gnu/lib/rustlib/src/rust/library/alloc/src/macros.rs","byte_start":3921,"byte_end":3961,"line_start":108,"line_end":108,"column_start":33,"column_end":73,"is_primary":false,"text":[{"text":"            $crate::fmt::format($crate::__export::format_args!($($arg)*))","highlight_start":33,"highlight_end":73}],"label":null,"suggested_replacement":null,"suggestion_applicability":null,"expansion":{"span":{"file_name":"src/main.rs","byte_start":4765,"byte_end":4806,"line_start":136,"line_end":136,"column_start":26,"column_end":67,"is_primary":false,"text":[{"text":"        .with_context(|| format!(\"failed to execute {}\", ssh_prog))?;","highlight_start":26,"highlight_end":67}],"label":null,"suggested_replacement":null,"suggestion_applicability":null,"expansion":null},"macro_decl_name":"format!","def_site_span":{"file_name":"/home/codespace/.rustup/toolchains/stable-x86_64-unknown-linux-gnu/lib/rustlib/src/rust/library/alloc/src/macros.rs","byte_start":3807,"byte_end":3826,"line_start":105,"line_end":105,"column_start":1,"column_end":20,"is_primary":false,"text":[{"text":"macro_rules! format {","highlight_start":1,"highlight_end":20}],"label":null,"suggested_replacement":null,"suggestion_applicability":null,"expansion":null}}},"macro_decl_name":"$crate::__export::format_args!","def_site_span":{"file_name":"/home/codespace/.rustup/toolchains/stable-x86_64-unknown-linux-gnu/lib/rustlib/src/rust/library/core/src/macros/mod.rs","byte_start":34951,"byte_end":34975,"line_start":997,"line_end":997,"column_start":5,"column_end":29,"is_primary":false,"text":[{"text":"    macro_rules! format_args {","highlight_start":5,"highlight_end":29}],"label":null,"suggested_replacement":null,"suggestion_applicability":null,"expansion":null}}},"macro_decl_name":"desugaring of format string literal","def_site_span":{"file_name":"src/main.rs","byte_start":0,"byte_end":0,"line_start":1,"line_end":1,"column_start":1,"column_end":1,"is_primary":false,"text":[],"label":null,"suggested_replacement":null,"suggestion_applicability":null,"expansion":null}}},{"file_name":"src/main.rs","byte_start":4792,"byte_end":4794,"line_start":136,"line_end":136,"column_start":53,"column_end":55,"is_primary":false,"text":[{"text":"        .with_context(|| format!(\"failed to execute {}\", ssh_prog))?;","highlight_start":53,"highlight_end":55}],"label":"required by this formatting parameter","suggested_replacement":null,"suggestion_applicability":null,"expansion":{"span":{"file_name":"/home/codespace/.rustup/toolchains/stable-x86_64-unknown-linux-gnu/lib/rustlib/src/rust/library/alloc/src/macros.rs","byte_start":3921,"byte_end":3961,"line_start":108,"line_end":108,"column_start":33,"column_end":73,"is_primary":false,"text":[{"text":"            $crate::fmt::format($crate::__export::format_args!($($arg)*))","highlight_start":33,"highlight_end":73}],"label":null,"suggested_replacement":null,"suggestion_applicability":null,"expansion":{"span":{"file_name":"/home/codespace/.rustup/toolchains/stable-x86_64-unknown-linux-gnu/lib/rustlib/src/rust/library/alloc/src/macros.rs","byte_start":3921,"byte_end":3961,"line_start":108,"line_end":108,"column_start":33,"column_end":73,"is_primary":false,"text":[{"text":"            $crate::fmt::format($crate::__export::format_args!($($arg)*))","highlight_start":33,"highlight_end":73}],"label":null,"suggested_replacement":null,"suggestion_applicability":null,"expansion":{"span":{"file_name":"src/main.rs","byte_start":4765,"byte_end":4806,"line_start":136,"line_end":136,"column_start":26,"column_end":67,"is_primary":false,"text":[{"text":"        .with_context(|| format!(\"failed to execute {}\", ssh_prog))?;","highlight_start":26,"highlight_end":67}],"label":null,"suggested_replacement":null,"suggestion_applicability":null,"expansion":null},"macro_decl_name":"format!","def_site_span":{"file_name":"/home/codespace/.rustup/toolchains/stable-x86_64-unknown-linux-gnu/lib/rustlib/src/rust/library/alloc/src/macros.rs","byte_start":3807,"byte_end":3826,"line_start":105,"line_end":105,"column_start":1,"column_end":20,"is_primary":false,"text":[{"text":"macro_rules! format {","highlight_start":1,"highlight_end":20}],"label":null,"suggested_replacement":null,"suggestion_applicability":null,"expansion":null}}},"macro_decl_name":"$crate::__export::format_args!","def_site_span":{"file_name":"/home/codespace/.rustup/toolchains/stable-x86_64-unknown-linux-gnu/lib/rustlib/src/rust/library/core/src/macros/mod.rs","byte_start":34951,"byte_end":34975,"line_start":997,"line_end":997,"column_start":5,"column_end":29,"is_primary":false,"text":[{"text":"    macro_rules! format_args {","highlight_start":5,"highlight_end":29}],"label":null,"suggested_replacement":null,"suggestion_applicability":null,"expansion":null}}},"macro_decl_name":"desugaring of format string literal","def_site_span":{"file_name":"src/main.rs","byte_start":0,"byte_end":0,"line_start":1,"line_end":1,"column_start":1,"column_end":1,"is_primary":false,"text":[],"label":null,"suggested_replacement":null,"suggestion_applicability":null,"expansion":null}}}],"children":[{"message":"the trait `Sized` is not implemented for `str`","code":null,"level":"help","spans":[],"children":[],"rendered":null}],"rendered":"\u001b[1m\u001b[91merror[E0277]\u001b[0m\u001b[1m: the size for values of type `str` cannot be known at compilation time\u001b[0m\n   \u001b[1m\u001b[94m--> \u001b[0msrc/main.rs:136:58\n    \u001b[1m\u001b[94m|\u001b[0m\n\u001b[1m\u001b[94m136\u001b[0m \u001b[1m\u001b[94m|\u001b[0m         .with_context(|| format!(\"failed to execute {}\", ssh_prog))?;\n    \u001b[1m\u001b[94m|\u001b[0m                                                     \u001b[1m\u001b[94m--\u001b[0m   \u001b[1m\u001b[91m^^^^^^^^\u001b[0m \u001b[1m\u001b[91mdoesn't have a size known at compile-time\u001b[0m\n    \u001b[1m\u001b[94m|\u001b[0m                                                     \u001b[1m\u001b[94m|\u001b[0m\n    \u001b[1m\u001b[94m|\u001b[0m                                                     \u001b[1m\u001b[94mrequired by this formatting parameter\u001b[0m\n    \u001b[1m\u001b[94m|\u001b[0m\n    \u001b[1m\u001b[94m= \u001b[0m\u001b[1mhelp\u001b[0m: the trait `Sized` is not implemented for `str`\n    \u001b[1m\u001b[94m= \u001b[0m\u001b[1mnote\u001b[0m: this error originates in the macro `$crate::__export::format_args` which comes from the expansion of the macro `format` (in Nightly builds, run with -Z macro-backtrace for more info)\n\n"}
{"$message_type":"diagnostic","message":"no function or associated item named `parse` found for struct `Cli` in the current scope","code":{"code":"E0599","explanation":"This error occurs when a method is used on a type which doesn't implement it:\n\nErroneous code example:\n\n```compile_fail,E0599\nstruct Mouth;\n\nlet x = Mouth;\nx.chocolate(); // error: no method named `chocolate` found for type `Mouth`\n               //        in the current scope\n```\n\nIn this case, you need to implement the `chocolate` method to fix the error:\n\n```\nstruct Mouth;\n\nimpl Mouth {\n    fn chocolate(&self) { // We implement the `chocolate` method here.\n        println!(\"Hmmm! I love chocolate!\");\n    }\n}\n\nlet x = Mouth;\nx.chocolate(); // ok!\n```\n"},"level":"error","spans":[{"file_name":"src/main.rs","byte_start":5617,"byte_end":5622,"line_start":163,"line_end":163,"column_start":27,"column_end":32,"is_primary":true,"text":[{"text":"    let mut parsed = Cli::parse();","highlight_start":27,"highlight_end":32}],"label":"function or associated item not found in `Cli`","suggested_replacement":null,"suggestion_applicability":null,"expansion":null},{"file_name":"src/main.rs","byte_start":305,"byte_end":315,"line_start":9,"line_end":9,"column_start":1,"column_end":11,"is_primary":false,"text":[{"text":"struct Cli {","highlight_start":1,"highlight_end":11}],"label":"function or associated item `parse` not found for this struct","suggested_replacement":null,"suggestion_applicability":null,"expansion":null}],"children":[],"rendered":"\u001b[1m\u001b[91merror[E0599]\u001b[0m\u001b[1m: no function or associated item named `parse` found for struct `Cli` in the current scope\u001b[0m\n   \u001b[1m\u001b[94m--> \u001b[0msrc/main.rs:163:27\n    \u001b[1m\u001b[94m|\u001b[0m\n  \u001b[1m\u001b[94m9\u001b[0m \u001b[1m\u001b[94m|\u001b[0m struct Cli {\n    \u001b[1m\u001b[94m|\u001b[0m \u001b[1m\u001b[94m----------\u001b[0m \u001b[1m\u001b[94mfunction or associated item `parse` not found for this struct\u001b[0m\n\u001b[1m\u001b[94m...\u001b[0m\n\u001b[1m\u001b[94m163\u001b[0m \u001b[1m\u001b[94m|\u001b[0m     let mut parsed = Cli::parse();\n    \u001b[1m\u001b[94m|\u001b[0m                           \u001b[1m\u001b[91m^^^^^\u001b[0m \u001b[1m\u001b[91mfunction or associated item not found in `Cli`\u001b[0m\n\n"}
{"$message_type":"diagnostic","message":"no method named `with_context` found for enum `Result<T, E>` in the current scope","code":{"code":"E0599","explanation":"This error occurs when a method is used on a type which doesn't implement it:\n\nErroneous code example:\n\n```compile_fail,E0599\nstruct Mouth;\n\nlet x = Mouth;\nx.chocolate(); // error: no method named `chocolate` found for type `Mouth`\n               //        in the current scope\n```\n\nIn this case, you need to implement the `chocolate` method to fix the error:\n\n```\nstruct Mouth;\n\nimpl Mouth {\n    fn chocolate(&self) { // We implement the `chocolate` method here.\n        println!(\"Hmmm! I love chocolate!\");\n    }\n}\n\nlet x = Mouth;\nx.chocolate(); // ok!\n```\n"},"level":"error","spans":[{"file_name":"src/main.rs","byte_start":8735,"byte_end":8875,"line_start":251,"line_end":256,"column_start":18,"column_end":10,"is_primary":false,"text":[{"text":"    let output = Command::new(ssh_prog)","highlight_start":18,"highlight_end":40},{"text":"        .args(&list_args)","highlight_start":1,"highlight_end":26},{"text":"        .stdout(Stdio::piped())","highlight_start":1,"highlight_end":32},{"text":"        .stderr(Stdio::piped())","highlight_start":1,"highlight_end":32},{"text":"        .output()","highlight_start":1,"highlight_end":18},{"text":"        .with_context(|| format!(\"failed to execute {} for listing sessions\", ssh_prog))?;","highlight_start":1,"highlight_end":10}],"label":"","suggested_replacement":null,"suggestion_applicability":null,"expansion":null},{"file_name":"src/main.rs","byte_start":8875,"byte_end":8887,"line_start":256,"line_end":256,"column_start":10,"column_end":22,"is_primary":true,"text":[{"text":"        .with_context(|| format!(\"failed to execute {} for listing sessions\", ssh_prog))?;","highlight_start":10,"highlight_end":22}],"label":"method not found in `Result<Output, std::io::Error>`","suggested_replacement":null,"suggestion_applicability":null,"expansion":null}],"children":[],"rendered":"\u001b[1m\u001b[91merror[E0599]\u001b[0m\u001b[1m: no method named `with_context` found for enum `Result<T, E>` in the current scope\u001b[0m\n   \u001b[1m\u001b[94m--> \u001b[0msrc/main.rs:256:10\n    \u001b[1m\u001b[94m|\u001b[0m\n\u001b[1m\u001b[94m251\u001b[0m \u001b[1m\u001b[94m|\u001b[0m       let output = Command::new(ssh_prog)\n    \u001b[1m\u001b[94m|\u001b[0m \u001b[1m\u001b[94m __________________-\u001b[0m\n\u001b[1m\u001b[94m252\u001b[0m \u001b[1m\u001b[94m|\u001b[0m \u001b[1m\u001b[94m|\u001b[0m         .args(&list_args)\n\u001b[1m\u001b[94m253\u001b[0m \u001b[1m\u001b[94m|\u001b[0m \u001b[1m\u001b[94m|\u001b[0m         .stdout(Stdio::piped())\n\u001b[1m\u001b[94m254\u001b[0m \u001b[1m\u001b[94m|\u001b[0m \u001b[1m\u001b[94m|\u001b[0m         .stderr(Stdio::piped())\n\u001b[1m\u001b[94m255\u001b[0m \u001b[1m\u001b[94m|\u001b[0m \u001b[1m\u001b[94m|\u001b[0m         .output()\n\u001b[1m\u001b[94m256\u001b[0m \u001b[1m\u001b[94m|\u001b[0m \u001b[1m\u001b[94m|\u001b[0m         .with_context(|| format!(\"failed to execute {} for listing sessions\", ssh_prog))?;\n    \u001b[1m\u001b[94m|\u001b[0m \u001b[1m\u001b[94m|\u001b[0m         \u001b[1m\u001b[94m-\u001b[0m\u001b[1m\u001b[91m^^^^^^^^^^^^\u001b[0m \u001b[1m\u001b[91mmethod not found in `Result<Output, std::io::Error>`\u001b[0m\n    \u001b[1m\u001b[94m|\u001b[0m \u001b[1m\u001b[94m|_________|\u001b[0m\n    \u001b[1m\u001b[94m|\u001b[0m\n\n"}
{"$message_type":"diagnostic","message":"no method named `context` found for enum `Result<T, E>` in the current scope","code":{"code":"E0599","explanation":"This error occurs when a method is used on a type which doesn't implement it:\n\nErroneous code example:\n\n```compile_fail,E0599\nstruct Mouth;\n\nlet x = Mouth;\nx.chocolate(); // error: no method named `chocolate` found for type `Mouth`\n               //        in the current scope\n```\n\nIn this case, you need to implement the `chocolate` method to fix the error:\n\n```\nstruct Mouth;\n\nimpl Mouth {\n    fn chocolate(&self) { // We implement the `chocolate` method here.\n        println!(\"Hmmm! I love chocolate!\");\n    }\n}\n\nlet x = Mouth;\nx.chocolate(); // ok!\n```\n"},"level":"error","spans":[{"file_name":"src/main.rs","byte_start":10134,"byte_end":10141,"line_start":288,"line_end":288,"column_start":39,"column_end":46,"is_primary":true,"text":[{"text":"    io::stdin().read_line(&mut input).context(\"failed to read selection\")?;","highlight_start":39,"highlight_end":46}],"label":"method not found in `Result<usize, std::io::Error>`","suggested_replacement":null,"suggestion_applicability":null,"expansion":null}],"children":[],"rendered":"\u001b[1m\u001b[91merror[E0599]\u001b[0m\u001b[1m: no method named `context` found for enum `Result<T, E>` in the current scope\u001b[0m\n   \u001b[1m\u001b[94m--> \u001b[0msrc/main.rs:288:39\n    \u001b[1m\u001b[94m|\u001b[0m\n\u001b[1m\u001b[94m288\u001b[0m \u001b[1m\u001b[94m|\u001b[0m     io::stdin().read_line(&mut input).context(\"failed to read selection\")?;\n    \u001b[1m\u001b[94m|\u001b[0m                                       \u001b[1m\u001b[91m^^^^^^^\u001b[0m \u001b[1m\u001b[91mmethod not found in `Result<usize, std::io::Error>`\u001b[0m\n\n"}
{"$message_type":"diagnostic","message":"no method named `with_context` found for enum `Result<T, E>` in the current scope","code":{"code":"E0599","explanation":"This error occurs when a method is used on a type which doesn't implement it:\n\nErroneous code example:\n\n```compile_fail,E0599\nstruct Mouth;\n\nlet x = Mouth;\nx.chocolate(); // error: no method named `chocolate` found for type `Mouth`\n               //        in the current scope\n```\n\nIn this case, you need to implement the `chocolate` method to fix the error:\n\n```\nstruct Mouth;\n\nimpl Mouth {\n    fn chocolate(&self) { // We implement the `chocolate` method here.\n        println!(\"Hmmm! I love chocolate!\");\n    }\n}\n\nlet x = Mouth;\nx.chocolate(); // ok!\n```\n"},"level":"error","spans":[{"file_name":"src/main.rs","byte_start":10865,"byte_end":11042,"line_start":311,"line_end":317,"column_start":18,"column_end":10,"is_primary":false,"text":[{"text":"    let status = Command::new(ssh_prog)","highlight_start":18,"highlight_end":40},{"text":"        .args(&kill_args)","highlight_start":1,"highlight_end":26},{"text":"        .stdin(Stdio::inherit())","highlight_start":1,"highlight_end":33},{"text":"        .stdout(Stdio::inherit())","highlight_start":1,"highlight_end":34},{"text":"        .stderr(Stdio::inherit())","highlight_start":1,"highlight_end":34},{"text":"        .status()","highlight_start":1,"highlight_end":18},{"text":"        .with_context(|| format!(\"failed to execute {} for killing session\", ssh_prog))?;","highlight_start":1,"highlight_end":10}],"label":"","suggested_replacement":null,"suggestion_applicability":null,"expansion":null},{"file_name":"src/main.rs","byte_start":11042,"byte_end":11054,"line_start":317,"line_end":317,"column_start":10,"column_end":22,"is_primary":true,"text":[{"text":"        .with_context(|| format!(\"failed to execute {} for killing session\", ssh_prog))?;","highlight_start":10,"highlight_end":22}],"label":"method not found in `Result<ExitStatus, std::io::Error>`","suggested_replacement":null,"suggestion_applicability":null,"expansion":null}],"children":[],"rendered":"\u001b[1m\u001b[91merror[E0599]\u001b[0m\u001b[1m: no method named `with_context` found for enum `Result<T, E>` in the current scope\u001b[0m\n   \u001b[1m\u001b[94m--> \u001b[0msrc/main.rs:317:10\n    \u001b[1m\u001b[94m|\u001b[0m\n\u001b[1m\u001b[94m311\u001b[0m \u001b[1m\u001b[94m|\u001b[0m       let status = Command::new(ssh_prog)\n    \u001b[1m\u001b[94m|\u001b[0m \u001b[1m\u001b[94m __________________-\u001b[0m\n\u001b[1m\u001b[94m312\u001b[0m \u001b[1m\u001b[94m|\u001b[0m \u001b[1m\u001b[94m|\u001b[0m         .args(&kill_args)\n\u001b[1m\u001b[94m313\u001b[0m \u001b[1m\u001b[94m|\u001b[0m \u001b[1m\u001b[94m|\u001b[0m         .stdin(Stdio::inherit())\n\u001b[1m\u001b[94m314\u001b[0m \u001b[1m\u001b[94m|\u001b[0m \u001b[1m\u001b[94m|\u001b[0m         .stdout(Stdio::inherit())\n\u001b[1m\u001b[94m315\u001b[0m \u001b[1m\u001b[94m|\u001b[0m \u001b[1m\u001b[94m|\u001b[0m         .stderr(Stdio::inherit())\n\u001b[1m\u001b[94m316\u001b[0m \u001b[1m\u001b[94m|\u001b[0m \u001b[1m\u001b[94m|\u001b[0m         .status()\n\u001b[1m\u001b[94m317\u001b[0m \u001b[1m\u001b[94m|\u001b[0m \u001b[1m\u001b[94m|\u001b[0m         .with_context(|| format!(\"failed to execute {} for killing session\", ssh_prog))?;\n    \u001b[1m\u001b[94m|\u001b[0m \u001b[1m\u001b[94m|\u001b[0m         \u001b[1m\u001b[94m-\u001b[0m\u001b[1m\u001b[91m^^^^^^^^^^^^\u001b[0m \u001b[1m\u001b[91mmethod not found in `Result<ExitStatus, std::io::Error>`\u001b[0m\n    \u001b[1m\u001b[94m|\u001b[0m \u001b[1m\u001b[94m|_________|\u001b[0m\n    \u001b[1m\u001b[94m|\u001b[0m\n\n"}
{"$message_type":"diagnostic","message":"aborting due to 24 previous errors","code":null,"level":"error","spans":[],"children":[],"rendered":"\u001b[1m\u001b[91merror\u001b[0m\u001b[1m: aborting due to 24 previous errors\u001b[0m\n\n"}
{"$message_type":"diagnostic","message":"Some errors have detailed explanations: E0277, E0282, E0432, E0433, E0599.","code":null,"level":"failure-note","spans":[],"children":[],"rendered":"\u001b[1mSome errors have detailed explanations: E0277, E0282, E0432, E0433, E0599.\u001b[0m\n"}
{"$message_type":"diagnostic","message":"For more information about an error, try `rustc --explain E0277`.","code":null,"level":"failure-note","spans":[],"children":[],"rendered":"\u001b[1mFor more information about an error, try `rustc --explain E0277`.\u001b[0m\n"}
